<?xml version="1.0" encoding="UTF-8"?>
<testsuite xmlns:xsi="http://www.w3.org/2001/XMLSchema-instance" xsi:noNamespaceSchemaLocation="https://maven.apache.org/surefire/maven-surefire-plugin/xsd/surefire-test-report-3.0.xsd" version="3.0" name="com.example.inventory.InventoryServiceTest" time="2.371" tests="1" errors="0" skipped="0" failures="0">
  <properties>
[...]
</properties>
  <testcase name="processOrderDeductsStockAndPublishesConfirmation" classname="com.example.inventory.InventoryServiceTest" time="2.333">
    <system-out><![CDATA[18:22:12.247 [main] INFO com.example.inventory.service.InventoryService -- Stock successfully updated for Order ID: order-1
]]></system-out>
  </testcase>
</testsuite>